生成启动时间为 2017/10/24 17:20:36。
     1>项目“C:\Users\ZhangCan\Desktop\EasyPR-DLL-CSharp\CreateDLL\CreateDLL.vcxproj”在节点 2 上(Build 个目标)。
     1>ClCompile:
         D:\Program Files (x86)\Microsoft Visual Studio 12.0\VC\bin\CL.exe /c /ZI /nologo /W3 /WX- /sdl /Od /Oy- /D WIN32 /D _DEBUG /D _WINDOWS /D _USRDLL /D CREATEDLL_EXPORTS /D _WINDLL /D _UNICODE /D UNICODE /Gm /EHsc /RTC1 /MDd /GS /fp:precise /Zc:wchar_t /Zc:forScope /Yc"stdafx.h" /Fp"Debug\CreateDLL.pch" /Fo"Debug\\" /Fd"Debug\vc120.pdb" /Gd /TP /analyze- /errorReport:prompt stdafx.cpp
         stdafx.cpp
         D:\Program Files (x86)\Microsoft Visual Studio 12.0\VC\bin\CL.exe /c /ZI /nologo /W3 /WX- /sdl /Od /Oy- /D WIN32 /D _DEBUG /D _WINDOWS /D _USRDLL /D CREATEDLL_EXPORTS /D _WINDLL /D _UNICODE /D UNICODE /Gm /EHsc /RTC1 /MDd /GS /fp:precise /Zc:wchar_t /Zc:forScope /Yu"stdafx.h" /Fp"Debug\CreateDLL.pch" /Fo"Debug\\" /Fd"Debug\vc120.pdb" /Gd /TP /analyze- /errorReport:prompt CreateDLL.cpp xmlParser.cpp
         xmlParser.cpp
     1>c:\users\zhangcan\desktop\easypr-dll-csharp\createdll\xmlparser.cpp(54): warning C4627: “#include "xmlParser.h"”:  在查找预编译头使用时跳过
                 将指令添加到“stdafx.h”或重新生成预编译头
     1>c:\users\zhangcan\desktop\easypr-dll-csharp\createdll\xmlparser.cpp(61): warning C4627: “#include <Windows.h>”:  在查找预编译头使用时跳过
                 将指令添加到“stdafx.h”或重新生成预编译头
     1>c:\users\zhangcan\desktop\easypr-dll-csharp\createdll\xmlparser.cpp(65): warning C4627: “#include <memory.h>”:  在查找预编译头使用时跳过
                 将指令添加到“stdafx.h”或重新生成预编译头
     1>c:\users\zhangcan\desktop\easypr-dll-csharp\createdll\xmlparser.cpp(66): warning C4627: “#include <assert.h>”:  在查找预编译头使用时跳过
                 将指令添加到“stdafx.h”或重新生成预编译头
     1>c:\users\zhangcan\desktop\easypr-dll-csharp\createdll\xmlparser.cpp(67): warning C4627: “#include <stdio.h>”:  在查找预编译头使用时跳过
                 将指令添加到“stdafx.h”或重新生成预编译头
     1>c:\users\zhangcan\desktop\easypr-dll-csharp\createdll\xmlparser.cpp(69): warning C4627: “#include <stdlib.h>”:  在查找预编译头使用时跳过
                 将指令添加到“stdafx.h”或重新生成预编译头
     1>c:\users\zhangcan\desktop\easypr-dll-csharp\createdll\xmlparser.cpp(290): warning C4627: “#include <widec.h>”:  在查找预编译头使用时跳过
                 将指令添加到“stdafx.h”或重新生成预编译头
     1>c:\users\zhangcan\desktop\easypr-dll-csharp\createdll\xmlparser.cpp(301): warning C4627: “#include <wctype.h>”:  在查找预编译头使用时跳过
                 将指令添加到“stdafx.h”或重新生成预编译头
     1>c:\users\zhangcan\desktop\easypr-dll-csharp\createdll\xmlparser.cpp(364): warning C4627: “#include <widec.h>”:  在查找预编译头使用时跳过
                 将指令添加到“stdafx.h”或重新生成预编译头
     1>c:\users\zhangcan\desktop\easypr-dll-csharp\createdll\xmlparser.cpp(2915): warning C4005: “BASE64DECODE_READ_NEXT_CHAR”: 宏重定义
                 c:\users\zhangcan\desktop\easypr-dll-csharp\createdll\xmlparser.cpp(2911) : 参见“BASE64DECODE_READ_NEXT_CHAR”的前一个定义
     1>c:\users\zhangcan\desktop\easypr-dll-csharp\createdll\xmlparser.cpp(2976): fatal error C1010: 在查找预编译头时遇到意外的文件结尾。是否忘记了向源中添加“#include "stdafx.h"”?
         CreateDLL.cpp
     1>c:\users\zhangcan\desktop\easypr-dll-csharp\createdll\createdll.cpp(6): fatal error C1083: 无法打开包括文件: “easypr.h”: No such file or directory
         正在生成代码...
     1>已完成生成项目“C:\Users\ZhangCan\Desktop\EasyPR-DLL-CSharp\CreateDLL\CreateDLL.vcxproj”(Build 个目标)的操作 - 失败。

生成失败。

已用时间 00:00:00.58
