l:\users\zc\desktop\easypr-master\vcprojs\x64\debug\vc120.pdb
l:\users\zc\desktop\easypr-master\vcprojs\x64\debug\vc120.idb
l:\users\zc\desktop\easypr-master\vcprojs\x64\debug\xmlparser.obj
l:\users\zc\desktop\easypr-master\vcprojs\x64\debug\main.obj
l:\users\zc\desktop\easypr-master\x64\debug\demo.exe
l:\users\zc\desktop\easypr-master\x64\debug\demo.pdb
l:\users\zc\desktop\easypr-master\vcprojs\x64\debug\ann_train.obj
l:\users\zc\desktop\easypr-master\vcprojs\x64\debug\chars_identify.obj
l:\users\zc\desktop\easypr-master\vcprojs\x64\debug\chars_recognise.obj
l:\users\zc\desktop\easypr-master\vcprojs\x64\debug\chars_segment.obj
l:\users\zc\desktop\easypr-master\vcprojs\x64\debug\core_func.obj
l:\users\zc\desktop\easypr-master\vcprojs\x64\debug\corrected_svm.obj
l:\users\zc\desktop\easypr-master\vcprojs\x64\debug\deface.obj
l:\users\zc\desktop\easypr-master\vcprojs\x64\debug\erfilter.obj
l:\users\zc\desktop\easypr-master\vcprojs\x64\debug\feature.obj
l:\users\zc\desktop\easypr-master\vcprojs\x64\debug\gdts.obj
l:\users\zc\desktop\easypr-master\vcprojs\x64\debug\helper.obj
l:\users\zc\desktop\easypr-master\vcprojs\x64\debug\kv.obj
l:\users\zc\desktop\easypr-master\vcprojs\x64\debug\lbp.obj
l:\users\zc\desktop\easypr-master\vcprojs\x64\debug\mc_data.obj
l:\users\zc\desktop\easypr-master\vcprojs\x64\debug\mser2.obj
l:\users\zc\desktop\easypr-master\vcprojs\x64\debug\params.obj
l:\users\zc\desktop\easypr-master\vcprojs\x64\debug\plate_detect.obj
l:\users\zc\desktop\easypr-master\vcprojs\x64\debug\plate_judge.obj
l:\users\zc\desktop\easypr-master\vcprojs\x64\debug\plate_locate.obj
l:\users\zc\desktop\easypr-master\vcprojs\x64\debug\plate_recognize.obj
l:\users\zc\desktop\easypr-master\vcprojs\x64\debug\program_options.obj
l:\users\zc\desktop\easypr-master\vcprojs\x64\debug\svm_train.obj
l:\users\zc\desktop\easypr-master\vcprojs\x64\debug\train.obj
l:\users\zc\desktop\easypr-master\vcprojs\x64\debug\util.obj
l:\users\zc\desktop\easypr-master\vcprojs\x64\debug\demo.tlog\cl.command.1.tlog
l:\users\zc\desktop\easypr-master\vcprojs\x64\debug\demo.tlog\cl.read.1.tlog
l:\users\zc\desktop\easypr-master\vcprojs\x64\debug\demo.tlog\cl.write.1.tlog
l:\users\zc\desktop\easypr-master\vcprojs\x64\debug\demo.tlog\link.command.1.tlog
l:\users\zc\desktop\easypr-master\vcprojs\x64\debug\demo.tlog\link.read.1.tlog
l:\users\zc\desktop\easypr-master\vcprojs\x64\debug\demo.tlog\link.write.1.tlog
