l:\users\zc\desktop\lps\corecode\vcprojs\x64\release\vc120.pdb
l:\users\zc\desktop\lps\corecode\vcprojs\x64\release\helper.obj
l:\users\zc\desktop\lps\corecode\vcprojs\x64\release\util.obj
l:\users\zc\desktop\lps\corecode\vcprojs\x64\release\program_options.obj
l:\users\zc\desktop\lps\corecode\vcprojs\x64\release\kv.obj
l:\users\zc\desktop\lps\corecode\vcprojs\x64\release\train.obj
l:\users\zc\desktop\lps\corecode\vcprojs\x64\release\svm_train.obj
l:\users\zc\desktop\lps\corecode\vcprojs\x64\release\ann_train.obj
l:\users\zc\desktop\lps\corecode\vcprojs\x64\release\mc_data.obj
l:\users\zc\desktop\lps\corecode\vcprojs\x64\release\gdts.obj
l:\users\zc\desktop\lps\corecode\vcprojs\x64\release\deface.obj
l:\users\zc\desktop\lps\corecode\vcprojs\x64\release\plate_recognize.obj
l:\users\zc\desktop\lps\corecode\vcprojs\x64\release\plate_locate.obj
l:\users\zc\desktop\lps\corecode\vcprojs\x64\release\plate_judge.obj
l:\users\zc\desktop\lps\corecode\vcprojs\x64\release\plate_detect.obj
l:\users\zc\desktop\lps\corecode\vcprojs\x64\release\params.obj
l:\users\zc\desktop\lps\corecode\vcprojs\x64\release\feature.obj
l:\users\zc\desktop\lps\corecode\vcprojs\x64\release\core_func.obj
l:\users\zc\desktop\lps\corecode\vcprojs\x64\release\chars_segment.obj
l:\users\zc\desktop\lps\corecode\vcprojs\x64\release\chars_recognise.obj
l:\users\zc\desktop\lps\corecode\vcprojs\x64\release\chars_identify.obj
l:\users\zc\desktop\lps\corecode\vcprojs\x64\release\erfilter.obj
l:\users\zc\desktop\lps\corecode\vcprojs\x64\release\corrected_svm.obj
l:\users\zc\desktop\lps\corecode\vcprojs\x64\release\mser2.obj
l:\users\zc\desktop\lps\corecode\vcprojs\x64\release\lbp.obj
l:\users\zc\desktop\lps\x64\release\core.lib
l:\users\zc\desktop\lps\corecode\vcprojs\x64\release\core.tlog\cl.command.1.tlog
l:\users\zc\desktop\lps\corecode\vcprojs\x64\release\core.tlog\cl.read.1.tlog
l:\users\zc\desktop\lps\corecode\vcprojs\x64\release\core.tlog\cl.write.1.tlog
l:\users\zc\desktop\lps\corecode\vcprojs\x64\release\core.tlog\lib-link.read.1.tlog
l:\users\zc\desktop\lps\corecode\vcprojs\x64\release\core.tlog\lib-link.write.1.tlog
l:\users\zc\desktop\lps\corecode\vcprojs\x64\release\core.tlog\lib.command.1.tlog
